For the "3-say_my_name.py" module:
==================================

Import module:
==============
    >>> say_my_name = __import__('3-say_my_name').say_my_name


Tests:
======

Test case #0: A test case without parameters

    >>> say_my_name()
    Traceback (most recent call last):
    TypeError: say_my_name() missing 1 required positional argument: 'first_name'

Test case #1: A test case to print a correct name

    >>> say_my_name("Jane", "Doe")
    My name is Jane Doe

Test case #2: A test case to print a correct name

    >>> say_my_name("Jane")
    My name is Jane

Test case #3: A test case with both empty

    >>> say_my_name('\n', '\n')
    My name is 
    <BLANKLINE>
    <BLANKLINE>

Test case #4: A test case with both empty

    >>> say_my_name("", )
    My name is  

Test case #5: A test case with a space

    >>> say_my_name(" ", "Caroline")
    My name is   Caroline

Test case #6: A test case with only spaces 

    >>> say_my_name(" ", " ")
    My name is    

Test case #7: A test case with the first name as integer

    >>> say_my_name(123, "Vallen")
    Traceback (most recent call last):
    TypeError: first_name must be a string

Test case #8: A test case with the last name as integer

    >>> say_my_name("Vallen", 123)
    Traceback (most recent call last):
    TypeError: last_name must be a string

Test case #9: A test case with both names as integer

    >>> say_my_name(123, 123)
    Traceback (most recent call last):
    TypeError: first_name must be a string
